<?xml version="1.0" encoding="UTF-8"?>
<!-- Generated by org.testng.reporters.JUnitReportReporter -->
<testsuite hostname="MacBook" name="de.lbac.compiler.CompilerTest" tests="13" failures="0" timestamp="3 May 2014 21:54:09 GMT" time="1.353" errors="0">
  <testcase name="runningCode_outputExpectedText" time="0.086" classname="de.lbac.compiler.CompilerTest"/>
  <testcase name="runningCode_outputExpectedText" time="0.089" classname="de.lbac.compiler.CompilerTest"/>
  <testcase name="runningCode_outputExpectedText" time="0.255" classname="de.lbac.compiler.CompilerTest"/>
  <testcase name="runningCode_outputExpectedText" time="0.091" classname="de.lbac.compiler.CompilerTest"/>
  <testcase name="runningCode_outputExpectedText" time="0.093" classname="de.lbac.compiler.CompilerTest"/>
  <testcase name="runningCode_outputExpectedText" time="0.091" classname="de.lbac.compiler.CompilerTest"/>
  <testcase name="runningCode_outputExpectedText" time="0.097" classname="de.lbac.compiler.CompilerTest"/>
  <testcase name="runningCode_outputExpectedText" time="0.089" classname="de.lbac.compiler.CompilerTest"/>
  <testcase name="runningCode_outputExpectedText" time="0.101" classname="de.lbac.compiler.CompilerTest"/>
  <testcase name="runningCode_outputExpectedText" time="0.091" classname="de.lbac.compiler.CompilerTest"/>
  <testcase name="runningCode_outputExpectedText" time="0.094" classname="de.lbac.compiler.CompilerTest"/>
  <testcase name="runningCode_outputExpectedText" time="0.087" classname="de.lbac.compiler.CompilerTest"/>
  <testcase name="runningCode_outputExpectedText" time="0.089" classname="de.lbac.compiler.CompilerTest"/>
</testsuite> <!-- de.lbac.compiler.CompilerTest -->
