<?xml version="1.0" encoding="UTF-8"?>
<!-- Generated by org.testng.reporters.JUnitReportReporter -->
<testsuite hostname="MacBook" name="de.lbac.compiler.CompilerTest" tests="12" failures="0" timestamp="2 May 2014 15:55:20 GMT" time="1.976" errors="0">
  <testcase name="runningCode_outputExpectedText" time="0.135" classname="de.lbac.compiler.CompilerTest"/>
  <testcase name="runningCode_outputExpectedText" time="0.160" classname="de.lbac.compiler.CompilerTest"/>
  <testcase name="runningCode_outputExpectedText" time="0.405" classname="de.lbac.compiler.CompilerTest"/>
  <testcase name="runningCode_outputExpectedText" time="0.147" classname="de.lbac.compiler.CompilerTest"/>
  <testcase name="runningCode_outputExpectedText" time="0.142" classname="de.lbac.compiler.CompilerTest"/>
  <testcase name="runningCode_outputExpectedText" time="0.139" classname="de.lbac.compiler.CompilerTest"/>
  <testcase name="runningCode_outputExpectedText" time="0.150" classname="de.lbac.compiler.CompilerTest"/>
  <testcase name="runningCode_outputExpectedText" time="0.149" classname="de.lbac.compiler.CompilerTest"/>
  <testcase name="runningCode_outputExpectedText" time="0.153" classname="de.lbac.compiler.CompilerTest"/>
  <testcase name="runningCode_outputExpectedText" time="0.127" classname="de.lbac.compiler.CompilerTest"/>
  <testcase name="runningCode_outputExpectedText" time="0.142" classname="de.lbac.compiler.CompilerTest"/>
  <testcase name="runningCode_outputExpectedText" time="0.127" classname="de.lbac.compiler.CompilerTest"/>
</testsuite> <!-- de.lbac.compiler.CompilerTest -->
