<?xml version="1.0" encoding="UTF-8"?>
<!-- Generated by org.testng.reporters.JUnitReportReporter -->
<testsuite hostname="MacBook" name="de.lbac.compiler.CompilerTest" tests="11" failures="0" timestamp="14 Apr 2014 10:27:58 GMT" time="1.226" errors="0">
  <testcase name="runningCode_outputExpectedText" time="0.107" classname="de.lbac.compiler.CompilerTest"/>
  <testcase name="runningCode_outputExpectedText" time="0.090" classname="de.lbac.compiler.CompilerTest"/>
  <testcase name="runningCode_outputExpectedText" time="0.091" classname="de.lbac.compiler.CompilerTest"/>
  <testcase name="runningCode_outputExpectedText" time="0.114" classname="de.lbac.compiler.CompilerTest"/>
  <testcase name="runningCode_outputExpectedText" time="0.092" classname="de.lbac.compiler.CompilerTest"/>
  <testcase name="runningCode_outputExpectedText" time="0.085" classname="de.lbac.compiler.CompilerTest"/>
  <testcase name="runningCode_outputExpectedText" time="0.237" classname="de.lbac.compiler.CompilerTest"/>
  <testcase name="runningCode_outputExpectedText" time="0.089" classname="de.lbac.compiler.CompilerTest"/>
  <testcase name="runningCode_outputExpectedText" time="0.104" classname="de.lbac.compiler.CompilerTest"/>
  <testcase name="runningCode_outputExpectedText" time="0.113" classname="de.lbac.compiler.CompilerTest"/>
  <testcase name="runningCode_outputExpectedText" time="0.104" classname="de.lbac.compiler.CompilerTest"/>
</testsuite> <!-- de.lbac.compiler.CompilerTest -->
