<?xml version="1.0" encoding="UTF-8"?>
<!-- Generated by org.testng.reporters.JUnitReportReporter -->
<testsuite hostname="MacBook" name="de.lbac.compiler.CompilerTest" tests="12" failures="0" timestamp="1 May 2014 20:49:39 GMT" time="1.193" errors="0">
  <testcase name="runningCode_outputExpectedText" time="0.085" classname="de.lbac.compiler.CompilerTest"/>
  <testcase name="runningCode_outputExpectedText" time="0.244" classname="de.lbac.compiler.CompilerTest"/>
  <testcase name="runningCode_outputExpectedText" time="0.088" classname="de.lbac.compiler.CompilerTest"/>
  <testcase name="runningCode_outputExpectedText" time="0.085" classname="de.lbac.compiler.CompilerTest"/>
  <testcase name="runningCode_outputExpectedText" time="0.080" classname="de.lbac.compiler.CompilerTest"/>
  <testcase name="runningCode_outputExpectedText" time="0.079" classname="de.lbac.compiler.CompilerTest"/>
  <testcase name="runningCode_outputExpectedText" time="0.106" classname="de.lbac.compiler.CompilerTest"/>
  <testcase name="runningCode_outputExpectedText" time="0.098" classname="de.lbac.compiler.CompilerTest"/>
  <testcase name="runningCode_outputExpectedText" time="0.083" classname="de.lbac.compiler.CompilerTest"/>
  <testcase name="runningCode_outputExpectedText" time="0.082" classname="de.lbac.compiler.CompilerTest"/>
  <testcase name="runningCode_outputExpectedText" time="0.080" classname="de.lbac.compiler.CompilerTest"/>
  <testcase name="runningCode_outputExpectedText" time="0.083" classname="de.lbac.compiler.CompilerTest"/>
</testsuite> <!-- de.lbac.compiler.CompilerTest -->
