<?xml version="1.0" encoding="UTF-8"?>
<!-- Generated by org.testng.reporters.JUnitReportReporter -->
<testsuite hostname="Adrian-Laptop" name="de.lbac.compiler.CompilerTest" tests="9" failures="0" timestamp="7 Apr 2014 13:05:49 GMT" time="0.776" errors="0">
  <testcase name="runningCode_outputExpectedText" time="0.071" classname="de.lbac.compiler.CompilerTest"/>
  <testcase name="runningCode_outputExpectedText" time="0.072" classname="de.lbac.compiler.CompilerTest"/>
  <testcase name="runningCode_outputExpectedText" time="0.217" classname="de.lbac.compiler.CompilerTest"/>
  <testcase name="runningCode_outputExpectedText" time="0.066" classname="de.lbac.compiler.CompilerTest"/>
  <testcase name="runningCode_outputExpectedText" time="0.070" classname="de.lbac.compiler.CompilerTest"/>
  <testcase name="runningCode_outputExpectedText" time="0.063" classname="de.lbac.compiler.CompilerTest"/>
  <testcase name="runningCode_outputExpectedText" time="0.068" classname="de.lbac.compiler.CompilerTest"/>
  <testcase name="runningCode_outputExpectedText" time="0.072" classname="de.lbac.compiler.CompilerTest"/>
  <testcase name="runningCode_outputExpectedText" time="0.077" classname="de.lbac.compiler.CompilerTest"/>
</testsuite> <!-- de.lbac.compiler.CompilerTest -->
