<?xml version="1.0" encoding="UTF-8"?>
<!-- Generated by org.testng.reporters.JUnitReportReporter -->
<testsuite hostname="MacBook" name="de.lbac.compiler.CompilerTest" tests="2" failures="0" timestamp="31 Mar 2014 14:09:18 GMT" time="0.425" errors="0">
  <testcase name="runningCode_outputExpectedText" time="0.143" classname="de.lbac.compiler.CompilerTest"/>
  <testcase name="runningCode_outputExpectedText" time="0.282" classname="de.lbac.compiler.CompilerTest"/>
</testsuite> <!-- de.lbac.compiler.CompilerTest -->
